<?xml version="1.0" encoding="UTF-8"?>
<testng-results ignored="0" total="1" passed="1" failed="0" skipped="0">
  <reporter-output>
  </reporter-output>
  <suite started-at="2022-09-06T19:49:23 IST" name="Default suite" finished-at="2022-09-06T19:49:23 IST" duration-ms="88">
    <groups>
    </groups>
    <test started-at="2022-09-06T19:49:23 IST" name="Default test" finished-at="2022-09-06T19:49:23 IST" duration-ms="88">
      <class name="com.Pracrice_Day_15_TestNG.TestNG_Practice">
        <test-method signature="test()[pri:0, instance:com.Pracrice_Day_15_TestNG.TestNG_Practice@5c86dbc5]" started-at="2022-09-06T19:49:23 IST" name="test" finished-at="2022-09-06T19:49:23 IST" duration-ms="13" status="PASS">
          <reporter-output>
          </reporter-output>
        </test-method> <!-- test -->
      </class> <!-- com.Pracrice_Day_15_TestNG.TestNG_Practice -->
    </test> <!-- Default test -->
  </suite> <!-- Default suite -->
</testng-results>
